<?xml version="1.0" encoding="UTF-8" ?>
<testsuite errors="0" failures="1" hostname="MSPWWD64QJLS1" name="com.github.ledlogic.ogp.OpenGraphParserTest" tests="1" time="0.115" timestamp="2013-09-04T16:40:31">
  <properties>
[...]
</properties>
  <testcase classname="com.github.ledlogic.ogp.OpenGraphParserTest" name="testParseHtml" time="0.082">
    <failure message="null expected:&lt;...ontent=&quot;The Rock&quot; /&gt;[&#xd;&#xa;&lt;meta property=&quot;og:type&quot; content=&quot;video.movie&quot; /&gt;&#xd;&#xa;&lt;meta property=&quot;og:url&quot; content=&quot;http://www.imdb.com/title/tt0117500/&quot; /&gt;&#xd;]&#xa;&lt;meta property=&quot;og:...&gt; but was:&lt;...ontent=&quot;The Rock&quot; /&gt;[&#xa;&lt;meta property=&quot;og:type&quot; content=&quot;video.movie&quot; /&gt;&#xa;&lt;meta property=&quot;og:url&quot; content=&quot;http://www.imdb.com/title/tt0117500/&quot; /&gt;]&#xa;&lt;meta property=&quot;og:...&gt;" type="junit.framework.ComparisonFailure">junit.framework.ComparisonFailure: null expected:&lt;...ontent=&quot;The Rock&quot; /&gt;[
&lt;meta property=&quot;og:type&quot; content=&quot;video.movie&quot; /&gt;
&lt;meta property=&quot;og:url&quot; content=&quot;http://www.imdb.com/title/tt0117500/&quot; /&gt;
]
&lt;meta property=&quot;og:...&gt; but was:&lt;...ontent=&quot;The Rock&quot; /&gt;[
&lt;meta property=&quot;og:type&quot; content=&quot;video.movie&quot; /&gt;
&lt;meta property=&quot;og:url&quot; content=&quot;http://www.imdb.com/title/tt0117500/&quot; /&gt;]
&lt;meta property=&quot;og:...&gt;
	at com.github.ledlogic.ogp.OpenGraphParserTest.testParseHtml(OpenGraphParserTest.java:36)
</failure>
  </testcase>
  <system-out><![CDATA[]]></system-out>
  <system-err><![CDATA[]]></system-err>
</testsuite>
